<?xml version="1.0" encoding="UTF-8"?>
<!-- Generated by org.testng.reporters.JUnitReportReporter -->
<testsuite hostname="DEL-PC-0214" failures="0" tests="1" name="vigupta.cucumber.TestNGTestRunner" time="6.671" errors="0" timestamp="2023-11-28T15:47:15 IST" skipped="0">
  <testcase classname="vigupta.cucumber.TestNGTestRunner" name="runScenario" time="6.671"/>
  <system-out/>
</testsuite> <!-- vigupta.cucumber.TestNGTestRunner -->
